<?xml version="1.0" encoding="UTF-8"?>
<coverage generated="1690102796333" clover="3.2.0">
  <project timestamp="1690102796333" name="All files">
    <metrics statements="38" coveredstatements="38" conditionals="5" coveredconditionals="5" methods="9" coveredmethods="9" elements="52" coveredelements="52" complexity="0" loc="38" ncloc="38" packages="1" files="1" classes="1"/>
    <file name="simple-linked-list.js" path="C:\Users\spud1\Documents\talis-take-home\simple-linked-list\simple-linked-list\simple-linked-list.js">
      <metrics statements="38" coveredstatements="38" conditionals="5" coveredconditionals="5" methods="9" coveredmethods="9"/>
      <line num="3" count="167" type="stmt"/>
      <line num="4" count="167" type="stmt"/>
      <line num="8" count="54" type="stmt"/>
      <line num="12" count="41" type="stmt"/>
      <line num="18" count="29" type="stmt"/>
      <line num="19" count="29" type="stmt"/>
      <line num="21" count="29" type="cond" truecount="4" falsecount="0"/>
      <line num="22" count="15" type="stmt"/>
      <line num="23" count="15" type="stmt"/>
      <line num="24" count="15" type="stmt"/>
      <line num="26" count="15" type="stmt"/>
      <line num="27" count="96" type="stmt"/>
      <line num="28" count="96" type="stmt"/>
      <line num="29" count="96" type="stmt"/>
      <line num="35" count="9" type="stmt"/>
      <line num="36" count="9" type="stmt"/>
      <line num="37" count="9" type="stmt"/>
      <line num="38" count="9" type="stmt"/>
      <line num="42" count="5" type="stmt"/>
      <line num="46" count="8" type="stmt"/>
      <line num="50" count="6" type="stmt"/>
      <line num="52" count="6" type="stmt"/>
      <line num="54" count="6" type="stmt"/>
      <line num="55" count="6" type="stmt"/>
      <line num="56" count="6" type="stmt"/>
      <line num="57" count="36" type="stmt"/>
      <line num="58" count="36" type="stmt"/>
      <line num="60" count="6" type="stmt"/>
      <line num="64" count="5" type="stmt"/>
      <line num="65" count="5" type="stmt"/>
      <line num="67" count="5" type="stmt"/>
      <line num="68" count="35" type="stmt"/>
      <line num="69" count="35" type="stmt"/>
      <line num="70" count="35" type="stmt"/>
      <line num="73" count="5" type="stmt"/>
      <line num="74" count="5" type="stmt"/>
      <line num="75" count="5" type="stmt"/>
      <line num="77" count="5" type="stmt"/>
    </file>
  </project>
</coverage>
