{"C:\\Users\\spud1\\Documents\\talis-take-home\\simple-linked-list\\simple-linked-list\\simple-linked-list.js": {"path":"C:\\Users\\spud1\\Documents\\talis-take-home\\simple-linked-list\\simple-linked-list\\simple-linked-list.js","statementMap":{"0":{"start":{"line":3,"column":4},"end":{"line":3,"column":24}},"1":{"start":{"line":4,"column":4},"end":{"line":4,"column":22}},"2":{"start":{"line":8,"column":4},"end":{"line":8,"column":23}},"3":{"start":{"line":12,"column":4},"end":{"line":12,"column":22}},"4":{"start":{"line":18,"column":4},"end":{"line":18,"column":22}},"5":{"start":{"line":19,"column":4},"end":{"line":19,"column":21}},"6":{"start":{"line":21,"column":4},"end":{"line":31,"column":5}},"7":{"start":{"line":22,"column":6},"end":{"line":22,"column":56}},"8":{"start":{"line":23,"column":20},"end":{"line":23,"column":30}},"9":{"start":{"line":24,"column":6},"end":{"line":24,"column":21}},"10":{"start":{"line":26,"column":6},"end":{"line":30,"column":7}},"11":{"start":{"line":26,"column":19},"end":{"line":26,"column":35}},"12":{"start":{"line":27,"column":8},"end":{"line":27,"column":61}},"13":{"start":{"line":28,"column":8},"end":{"line":28,"column":23}},"14":{"start":{"line":29,"column":8},"end":{"line":29,"column":32}},"15":{"start":{"line":35,"column":15},"end":{"line":35,"column":25}},"16":{"start":{"line":36,"column":4},"end":{"line":36,"column":48}},"17":{"start":{"line":37,"column":4},"end":{"line":37,"column":19}},"18":{"start":{"line":38,"column":4},"end":{"line":38,"column":22}},"19":{"start":{"line":42,"column":4},"end":{"line":42,"column":24}},"20":{"start":{"line":46,"column":4},"end":{"line":46,"column":22}},"21":{"start":{"line":50,"column":17},"end":{"line":50,"column":29}},"22":{"start":{"line":52,"column":14},"end":{"line":52,"column":31}},"23":{"start":{"line":54,"column":18},"end":{"line":54,"column":28}},"24":{"start":{"line":55,"column":16},"end":{"line":55,"column":17}},"25":{"start":{"line":56,"column":4},"end":{"line":59,"column":5}},"26":{"start":{"line":57,"column":6},"end":{"line":57,"column":35}},"27":{"start":{"line":58,"column":6},"end":{"line":58,"column":29}},"28":{"start":{"line":60,"column":4},"end":{"line":60,"column":15}},"29":{"start":{"line":64,"column":18},"end":{"line":64,"column":28}},"30":{"start":{"line":65,"column":19},"end":{"line":65,"column":23}},"31":{"start":{"line":67,"column":4},"end":{"line":71,"column":5}},"32":{"start":{"line":68,"column":20},"end":{"line":68,"column":57}},"33":{"start":{"line":69,"column":6},"end":{"line":69,"column":25}},"34":{"start":{"line":70,"column":6},"end":{"line":70,"column":30}},"35":{"start":{"line":73,"column":25},"end":{"line":73,"column":35}},"36":{"start":{"line":74,"column":4},"end":{"line":74,"column":34}},"37":{"start":{"line":75,"column":4},"end":{"line":75,"column":40}},"38":{"start":{"line":77,"column":4},"end":{"line":77,"column":24}}},"fnMap":{"0":{"name":"(anonymous_0)","decl":{"start":{"line":2,"column":2},"end":{"line":2,"column":3}},"loc":{"start":{"line":2,"column":34},"end":{"line":5,"column":3}},"line":2},"1":{"name":"(anonymous_1)","decl":{"start":{"line":7,"column":2},"end":{"line":7,"column":3}},"loc":{"start":{"line":7,"column":14},"end":{"line":9,"column":3}},"line":7},"2":{"name":"(anonymous_2)","decl":{"start":{"line":11,"column":2},"end":{"line":11,"column":3}},"loc":{"start":{"line":11,"column":13},"end":{"line":13,"column":3}},"line":11},"3":{"name":"(anonymous_3)","decl":{"start":{"line":17,"column":2},"end":{"line":17,"column":3}},"loc":{"start":{"line":17,"column":21},"end":{"line":32,"column":3}},"line":17},"4":{"name":"(anonymous_4)","decl":{"start":{"line":34,"column":2},"end":{"line":34,"column":3}},"loc":{"start":{"line":34,"column":13},"end":{"line":39,"column":3}},"line":34},"5":{"name":"(anonymous_5)","decl":{"start":{"line":41,"column":2},"end":{"line":41,"column":3}},"loc":{"start":{"line":41,"column":15},"end":{"line":43,"column":3}},"line":41},"6":{"name":"(anonymous_6)","decl":{"start":{"line":45,"column":2},"end":{"line":45,"column":3}},"loc":{"start":{"line":45,"column":13},"end":{"line":47,"column":3}},"line":45},"7":{"name":"(anonymous_7)","decl":{"start":{"line":49,"column":2},"end":{"line":49,"column":3}},"loc":{"start":{"line":49,"column":12},"end":{"line":61,"column":3}},"line":49},"8":{"name":"(anonymous_8)","decl":{"start":{"line":63,"column":2},"end":{"line":63,"column":3}},"loc":{"start":{"line":63,"column":12},"end":{"line":78,"column":3}},"line":63}},"branchMap":{"0":{"loc":{"start":{"line":2,"column":21},"end":{"line":2,"column":32}},"type":"default-arg","locations":[{"start":{"line":2,"column":28},"end":{"line":2,"column":32}}],"line":2},"1":{"loc":{"start":{"line":21,"column":4},"end":{"line":31,"column":5}},"type":"if","locations":[{"start":{"line":21,"column":4},"end":{"line":31,"column":5}},{"start":{},"end":{}}],"line":21},"2":{"loc":{"start":{"line":21,"column":8},"end":{"line":21,"column":48}},"type":"binary-expr","locations":[{"start":{"line":21,"column":8},"end":{"line":21,"column":28}},{"start":{"line":21,"column":32},"end":{"line":21,"column":48}}],"line":21}},"s":{"0":167,"1":167,"2":54,"3":41,"4":29,"5":29,"6":29,"7":15,"8":15,"9":15,"10":15,"11":15,"12":96,"13":96,"14":96,"15":9,"16":9,"17":9,"18":9,"19":5,"20":8,"21":6,"22":6,"23":6,"24":6,"25":6,"26":36,"27":36,"28":6,"29":5,"30":5,"31":5,"32":35,"33":35,"34":35,"35":5,"36":5,"37":5,"38":5},"f":{"0":167,"1":54,"2":41,"3":29,"4":9,"5":5,"6":8,"7":6,"8":5},"b":{"0":[27],"1":[15,14],"2":[29,15]},"_coverageSchema":"1a1c01bbd47fc00a2c39e90264f33305004495a9","hash":"cb4c6d7bd1eb04ac6fd4c8019a66d1a00df064a1"}
}
