TN:
SF:simple-linked-list.js
FN:2,(anonymous_0)
FN:7,(anonymous_1)
FN:11,(anonymous_2)
FN:17,(anonymous_3)
FN:34,(anonymous_4)
FN:41,(anonymous_5)
FN:45,(anonymous_6)
FN:49,(anonymous_7)
FN:63,(anonymous_8)
FNF:9
FNH:9
FNDA:167,(anonymous_0)
FNDA:54,(anonymous_1)
FNDA:41,(anonymous_2)
FNDA:29,(anonymous_3)
FNDA:9,(anonymous_4)
FNDA:5,(anonymous_5)
FNDA:8,(anonymous_6)
FNDA:6,(anonymous_7)
FNDA:5,(anonymous_8)
DA:3,167
DA:4,167
DA:8,54
DA:12,41
DA:18,29
DA:19,29
DA:21,29
DA:22,15
DA:23,15
DA:24,15
DA:26,15
DA:27,96
DA:28,96
DA:29,96
DA:35,9
DA:36,9
DA:37,9
DA:38,9
DA:42,5
DA:46,8
DA:50,6
DA:52,6
DA:54,6
DA:55,6
DA:56,6
DA:57,36
DA:58,36
DA:60,6
DA:64,5
DA:65,5
DA:67,5
DA:68,35
DA:69,35
DA:70,35
DA:73,5
DA:74,5
DA:75,5
DA:77,5
LF:38
LH:38
BRDA:2,0,0,27
BRDA:21,1,0,15
BRDA:21,1,1,14
BRDA:21,2,0,29
BRDA:21,2,1,15
BRF:5
BRH:5
end_of_record
